<?xml version="1.0" encoding="UTF-8"?>
<!-- Generated by org.testng.reporters.JUnitReportReporter -->
<testsuite name="cn.gloryroad.testScript.TestSendMailWithAttachment" tests="1" time="59.744" ignored="0" failures="0" timestamp="17 三月 2018 14:40:59 GMT" skipped="0" hostname="amy" errors="0">
  <testcase name="testSendMailWithAttachment" time="59.744" classname="cn.gloryroad.testScript.TestSendMailWithAttachment"/>
</testsuite> <!-- cn.gloryroad.testScript.TestSendMailWithAttachment -->
